* using log directory ‘/tmp/Rtmp4Djfps/Plasmidprofiler.Rcheck’
* using R version 3.3.1 (2016-06-21)
* using platform: x86_64-pc-linux-gnu (64-bit)
* using session charset: UTF-8
* using options ‘--no-manual --as-cran’
* checking for file ‘Plasmidprofiler/DESCRIPTION’ ... OK
* checking extension type ... Package
* this is package ‘Plasmidprofiler’ version ‘0.1.0’
* checking package namespace information ... OK
* checking package dependencies ... OK
* checking if this is a source package ... OK
* checking if there is a namespace ... OK
* checking for executable files ... OK
* checking for hidden files and directories ... OK
* checking for portable file names ... OK
* checking for sufficient/correct file permissions ... OK
* checking whether package ‘Plasmidprofiler’ can be installed ... WARNING
Found the following significant warnings:
  Warning: replacing previous import ‘ggplot2::last_plot’ by ‘plotly::last_plot’ when loading ‘Plasmidprofiler’
See ‘/tmp/Rtmp4Djfps/Plasmidprofiler.Rcheck/00install.out’ for details.
* checking installed package size ... OK
* checking package directory ... OK
* checking DESCRIPTION meta-information ... NOTE
Malformed Description field: should contain one or more complete sentences.
* checking top-level files ... OK
* checking for left-over files ... OK
* checking index information ... OK
* checking package subdirectories ... WARNING
Subdirectory ‘data’ contains no data sets.
* checking R files for non-ASCII characters ... OK
* checking R files for syntax errors ... OK
* checking whether the package can be loaded ... OK
* checking whether the package can be loaded with stated dependencies ... OK
* checking whether the package can be unloaded cleanly ... OK
* checking whether the namespace can be loaded with stated dependencies ... OK
* checking whether the namespace can be unloaded cleanly ... OK
* checking loading without being on the library search path ... OK
* checking dependencies in R code ... WARNING
'::' or ':::' import not declared from: ‘htmlwidgets’
* checking S3 generic/method consistency ... OK
* checking replacement functions ... OK
* checking foreign function calls ... OK
* checking R code for possible problems ... NOTE
create_grob: no visible global function definition for ‘gtable’
create_grob: no visible binding for global variable ‘filename’
create_grob: no visible global function definition for
  ‘gtable_add_grob’
create_grob: no visible global function definition for
  ‘gtable_add_rows’
create_grob: no visible global function definition for ‘grid.arrange’
create_plotly: no visible binding for global variable ‘Plasmid’
create_plotly: no visible binding for global variable ‘Sample’
create_plotly: no visible binding for global variable ‘AMR_gene’
create_plotly: no visible binding for global variable ‘Inc_group’
create_plotly: no visible binding for global variable ‘Coverage’
create_plotly: no visible binding for global variable ‘Length’
create_plotly: no visible binding for global variable ‘Sureness’
create_plotly: no visible binding for global variable ‘filename’
define_colours: no visible global function definition for
  ‘colorRampPalette’
order_report: no visible global function definition for ‘as.phylo’
order_report: no visible binding for global variable ‘Plasmid’
order_report: no visible binding for global variable ‘Sureness’
order_report: no visible binding for global variable ‘Inc_group’
order_report: no visible binding for global variable ‘average’
plot_heatmap: no visible binding for global variable ‘Plasmid’
plot_heatmap: no visible binding for global variable ‘Sample’
plot_heatmap: no visible binding for global variable ‘Sureness’
plot_heatmap: no visible binding for global variable ‘Inc_group’
plot_heatmap: no visible binding for global variable ‘AMR_gene’
plot_heatmap: no visible binding for global variable ‘Coverage’
plot_heatmap: no visible binding for global variable ‘Length’
read_blast: no visible binding for '<<-' assignment to ‘filename’
read_blast: no visible global function definition for ‘read.table’
read_srst2: no visible global function definition for ‘read.delim’
save_files: no visible binding for global variable ‘filename’
save_files: no visible binding for global variable ‘Sample’
save_files: no visible binding for global variable ‘Inc_group’
save_files: no visible binding for global variable ‘Sureness’
save_files: no visible global function definition for ‘write.csv’
subsampler: no visible binding for '<<-' assignment to ‘filename’
subsampler: no visible binding for global variable ‘filename’
subsampler: no visible global function definition for ‘drop.levels’
tree_maker: no visible global function definition for ‘hclust’
tree_maker: no visible global function definition for ‘dist’
tree_maker: no visible global function definition for ‘as.phylo’
tree_maker: no visible global function definition for ‘as.dendrogram’
tree_maker: no visible binding for global variable ‘x’
tree_maker: no visible binding for global variable ‘y’
tree_maker: no visible binding for global variable ‘xend’
tree_maker: no visible binding for global variable ‘yend’
tree_maker: no visible global function definition for ‘theme_dendro’
zetner_score: no visible binding for global variable ‘Sample’
Undefined global functions or variables:
  AMR_gene Coverage Inc_group Length Plasmid Sample Sureness
  as.dendrogram as.phylo average colorRampPalette dist drop.levels
  filename grid.arrange gtable gtable_add_grob gtable_add_rows hclust
  read.delim read.table theme_dendro write.csv x xend y yend
Consider adding
  importFrom("grDevices", "colorRampPalette")
  importFrom("stats", "as.dendrogram", "dist", "hclust")
  importFrom("utils", "read.delim", "read.table", "write.csv")
to your NAMESPACE file.
* checking Rd files ... OK
* checking Rd metadata ... OK
* checking Rd line widths ... NOTE
Rd file 'main.Rd':
  \examples lines wider than 100 characters:
     main("data/blast_results.tsv", "data/srst2_results.tsv", cov.filter=NA, sureness.filter=0.75, len.filter=10000, main.title="Example Res ... [TRUNCATED]

These lines will be truncated in the PDF manual.
* checking Rd cross-references ... OK
* checking for missing documentation entries ... OK
* checking for code/documentation mismatches ... OK
* checking Rd \usage sections ... WARNING
Undocumented arguments in documentation object 'amr_presence'
  ‘pos.samples’

Undocumented arguments in documentation object 'main'
  ‘plotly.user’ ‘plotly.api’ ‘post.plotly’

Undocumented arguments in documentation object 'save_files'
  ‘title’

Functions with \usage entries need to have the appropriate \alias
entries, and all their arguments documented.
The \usage entries must correspond to syntactically valid R code.
See chapter ‘Writing R documentation files’ in the ‘Writing R
Extensions’ manual.
* checking Rd contents ... OK
* checking for unstated dependencies in examples ... WARNING
Warning: parse error in file 'Plasmidprofiler-Ex.R':
132:142: unexpected ')'
131: 
132: main("data/blast_results.tsv", "data/srst2_results.tsv", cov.filter=NA, sureness.filter=0.75, len.filter=10000, main.title="Example Results"))
                                                                                                                                                  ^
* checking contents of ‘data’ directory ... WARNING
Files not of a type allowed in a ‘data’ directory:
  ‘blast_runG.tsv’ ‘srst2_runG.tsv’
Please use e.g. ‘inst/extdata’ for non-R data files
* checking data for non-ASCII characters ... OK
* checking data for ASCII and uncompressed saves ... OK
* checking examples ... ERROR
Running examples in ‘Plasmidprofiler-Ex.R’ failed
The error most likely occurred in:

> base::assign(".ptime", proc.time(), pos = "CheckExEnv")
> ### Name: amr_positives
> ### Title: Identify Antimicrobial Resistance Positive Plasmids from Blast
> ###   Results
> ### Aliases: amr_positives
> 
> ### ** Examples
> 
> amr_positives(example_blast_results)
Error in amr_positives(example_blast_results) : 
  object 'example_blast_results' not found
Execution halted
* DONE
Status: 1 ERROR, 6 WARNINGs, 3 NOTEs
